#
# There is insufficient memory for the Java Runtime Environment to continue.
# Native memory allocation (malloc) failed to allocate 32744 bytes for ChunkPool::allocate
# Possible reasons:
#   The system is out of physical RAM or swap space
#   The process is running with CompressedOops enabled, and the Java Heap may be blocking the growth of the native heap
# Possible solutions:
#   Reduce memory load on the system
#   Increase physical memory or swap space
#   Check if swap backing store is full
#   Decrease Java heap size (-Xmx/-Xms)
#   Decrease number of Java threads

[error occurred during error reporting (printing stack bounds), id 0xc0000005]

Native frames: (J=compiled Java code, j=interpreted, Vv=VM code, C=native code)


Current CompileTask:
C2:  58935 5449       4      
[error occurred during error reporting (printing current compile task), id 0xe0000001]


---------------  P R O C E S S  ---------------

Java Threads: ( => current thread )
  0x000000002961d800 JavaThread "Prism Font Disposer" daemon [_thread_blocked, id=12092, stack(0x000000002d690000,0x000000002d790000)]
  0x0000000028a5b800 JavaThread "pool-2-thread-1" [_thread_blocked, id=6692, stack(0x0000000029f20000,0x000000002a020000)]
  0x000000002019a000 JavaThread "mysql-cj-abandoned-connection-cleanup" daemon [_thread_blocked, id=12792, stack(0x0000000029a20000,0x0000000029b20000)]
  0x000000001fc90800 JavaThread "Thread-3" daemon [_thread_in_native, id=5064, stack(0x0000000027f50000,0x0000000028050000)]
  0x000000001fccc800 JavaThread "JavaFX-Launcher" [_thread_blocked, id=84, stack(0x0000000028050000,0x0000000028150000)]
  0x000000001fc06800 JavaThread "JavaFX Application Thread" [_thread_in_native, id=7624, stack(0x00000000211f0000,0x00000000212f0000)]
  0x000000001fc29800 JavaThread "Thread-1" daemon [_thread_blocked, id=7012, stack(0x00000000206d0000,0x00000000207d0000)]
  0x000000001fc30800 JavaThread "QuantumRenderer-0" daemon [_thread_blocked, id=11960, stack(0x0000000020570000,0x0000000020670000)]
  0x000000001ecfc000 JavaThread "Service Thread" daemon [_thread_blocked, id=5724, stack(0x000000001f990000,0x000000001fa90000)]
  0x000000001ecd1000 JavaThread "C1 CompilerThread3" daemon [_thread_blocked, id=13544, stack(0x000000001f890000,0x000000001f990000)]
  0x000000001ecca000 JavaThread "C2 CompilerThread2" daemon [_thread_blocked, id=2196, stack(0x000000001f790000,0x000000001f890000)]
  0x000000001ecc7000 JavaThread "C2 CompilerThread1" daemon [_thread_blocked, id=6180, stack(0x000000001f690000,0x000000001f790000)]
=>0x000000001ecc2000 JavaThread "C2 CompilerThread0" daemon [_thread_in_native, id=11432, stack(0x000000001f590000,0x000000001f690000)]
  0x000000001ecc1000 JavaThread "Attach Listener" daemon [_thread_blocked, id=10396, stack(0x000000001f490000,0x000000001f590000)]
  0x000000001ecc0000 JavaThread "Signal Dispatcher" daemon [_thread_blocked, id=13284, stack(0x000000001f390000,0x000000001f490000)]
  0x000000001ecb1000 JavaThread "Finalizer" daemon [_thread_blocked, id=14052, stack(0x000000001f190000,0x000000001f290000)]
  0x000000001ecb0800 JavaThread "Reference Handler" daemon [_thread_blocked, id=8064, stack(0x000000001f090000,0x000000001f190000)]
  0x000000000334e000 JavaThread "main" [_thread_blocked, id=9932, stack(0x00000000031d0000,0x00000000032d0000)]

Other Threads:
  0x000000001cea9000 VMThread [stack: 0x000000001eb90000,0x000000001ec90000] [id=9244]
  0x000000001ecfc800 WatcherThread [stack: 0x000000001fa90000,0x000000001fb90000] [id=9256]

VM state:not at safepoint (normal execution)

VM Mutex/Monitor currently owned by a thread: None

heap address: 0x00000006c1400000, size: 4076 MB, Compressed Oops mode: Zero based, Oop shift amount: 3
Narrow klass base: 0x0000000000000000, Narrow klass shift: 3
Compressed class space size: 1073741824 Address: 0x00000007c0000000

Heap:
 PSYoungGen      total 97280K, used 30077K [0x000000076b180000, 0x0000000772680000, 0x00000007c0000000)
  eden space 86528K, 22% used [0x000000076b180000,0x000000076c45fa38,0x0000000770600000)
  from space 10752K, 99% used [0x0000000771c00000,0x000000077267fc80,0x0000000772680000)
  to   space 10752K, 0% used [0x0000000771180000,0x0000000771180000,0x0000000771c00000)
 ParOldGen       total 169472K, used 23489K [0x00000006c1400000, 0x00000006cb980000, 0x000000076b180000)
  object space 169472K, 13% used [0x00000006c1400000,0x00000006c2af04e0,0x00000006cb980000)
 Metaspace       used 38100K, capacity 39818K, committed 40104K, reserved 1083392K
  class space    used 5165K, capacity 5504K, committed 5544K, reserved 1048576K

Card table byte_map: [0x0000000012810000,0x0000000013010000] byte_map_base: 0x000000000f206000

Marking Bits: (ParMarkBitMap*) 0x0000000076bc6d90
 Begin Bits: [0x0000000013d60000, 0x0000000017d10000)
 End Bits:   [0x0000000017d10000, 0x000000001bcc0000)

Polling page: 0x0000000000fe0000

CodeCache: size=245760Kb used=16972Kb max_used=18013Kb free=228787Kb
 bounds [0x0000000003450000, 0x0000000004600000, 0x0000000012450000]
 total_blobs=5899 nmethods=5048 adapters=762
 compilation: enabled

Compilation events (10 events):
Event: 30.717 Thread 0x000000001ecd1000 nmethod 5444 0x000000000357d310 code [0x000000000357d4e0, 0x000000000357deb8]
Event: 31.364 Thread 0x000000001ecd1000 5445       3       com.sun.glass.ui.win.WinApplication::staticView_getMultiClickMaxY (4 bytes)
Event: 31.364 Thread 0x000000001ecd1000 nmethod 5445 0x0000000003583f90 code [0x00000000035840e0, 0x0000000003584290]
Event: 31.365 Thread 0x000000001ecd1000 5446       3       com.sun.glass.ui.win.WinView::getMultiClickMaxY_impl (4 bytes)
Event: 31.365 Thread 0x000000001ecd1000 nmethod 5446 0x0000000003637490 code [0x00000000036375e0, 0x0000000003637710]
Event: 31.388 Thread 0x000000001ecd1000 5447       3       com.sun.javafx.tk.quantum.QuantumToolkit::getMultiClickMaxY (4 bytes)
Event: 31.388 Thread 0x000000001ecd1000 nmethod 5447 0x00000000036742d0 code [0x0000000003674460, 0x0000000003674758]
Event: 38.151 Thread 0x000000001ecd1000 5448       1       com.sun.glass.ui.win.WinTimer::_pause (1 bytes)
Event: 38.151 Thread 0x000000001ecd1000 nmethod 5448 0x0000000003657a90 code [0x0000000003657be0, 0x0000000003657cf0]
Event: 58.932 Thread 0x000000001ecc2000 5449       4       javafx.event.Event::<init> (36 bytes)

GC Heap History (10 events):
Event: 1.048 GC heap before
{Heap before GC invocations=2 (full 0):
 PSYoungGen      total 76288K, used 16969K [0x000000076b180000, 0x0000000770680000, 0x00000007c0000000)
  eden space 65536K, 10% used [0x000000076b180000,0x000000076b7f0230,0x000000076f180000)
  from space 10752K, 96% used [0x000000076f180000,0x000000076fba2468,0x000000076fc00000)
  to   space 10752K, 0% used [0x000000076fc00000,0x000000076fc00000,0x0000000770680000)
 ParOldGen       total 175104K, used 80K [0x00000006c1400000, 0x00000006cbf00000, 0x000000076b180000)
  object space 175104K, 0% used [0x00000006c1400000,0x00000006c1414010,0x00000006cbf00000)
 Metaspace       used 20607K, capacity 21182K, committed 21296K, reserved 1067008K
  class space    used 2769K, capacity 2916K, committed 2944K, reserved 1048576K
Event: 1.052 GC heap after
Heap after GC invocations=2 (full 0):
 PSYoungGen      total 76288K, used 7566K [0x000000076b180000, 0x0000000774680000, 0x00000007c0000000)
  eden space 65536K, 0% used [0x000000076b180000,0x000000076b180000,0x000000076f180000)
  from space 10752K, 70% used [0x000000076fc00000,0x0000000770363bc0,0x0000000770680000)
  to   space 10752K, 0% used [0x000000076f180000,0x000000076f180000,0x000000076fc00000)
 ParOldGen       total 175104K, used 88K [0x00000006c1400000, 0x00000006cbf00000, 0x000000076b180000)
  object space 175104K, 0% used [0x00000006c1400000,0x00000006c1416010,0x00000006cbf00000)
 Metaspace       used 20607K, capacity 21182K, committed 21296K, reserved 1067008K
  class space    used 2769K, capacity 2916K, committed 2944K, reserved 1048576K
}
Event: 1.052 GC heap before
{Heap before GC invocations=3 (full 1):
 PSYoungGen      total 76288K, used 7566K [0x000000076b180000, 0x0000000774680000, 0x00000007c0000000)
  eden space 65536K, 0% used [0x000000076b180000,0x000000076b180000,0x000000076f180000)
  from space 10752K, 70% used [0x000000076fc00000,0x0000000770363bc0,0x0000000770680000)
  to   space 10752K, 0% used [0x000000076f180000,0x000000076f180000,0x000000076fc00000)
 ParOldGen       total 175104K, used 88K [0x00000006c1400000, 0x00000006cbf00000, 0x000000076b180000)
  object space 175104K, 0% used [0x00000006c1400000,0x00000006c1416010,0x00000006cbf00000)
 Metaspace       used 20607K, capacity 21182K, committed 21296K, reserved 1067008K
  class space    used 2769K, capacity 2916K, committed 2944K, reserved 1048576K
Event: 1.076 GC heap after
Heap after GC invocations=3 (full 1):
 PSYoungGen      total 76288K, used 0K [0x000000076b180000, 0x0000000774680000, 0x00000007c0000000)
  eden space 65536K, 0% used [0x000000076b180000,0x000000076b180000,0x000000076f180000)
  from space 10752K, 0% used [0x000000076fc00000,0x000000076fc00000,0x0000000770680000)
  to   space 10752K, 0% used [0x000000076f180000,0x000000076f180000,0x000000076fc00000)
 ParOldGen       total 100864K, used 7445K [0x00000006c1400000, 0x00000006c7680000, 0x000000076b180000)
  object space 100864K, 7% used [0x00000006c1400000,0x00000006c1b45488,0x00000006c7680000)
 Metaspace       used 20607K, capacity 21182K, committed 21296K, reserved 1067008K
  class space    used 2769K, capacity 2916K, committed 2944K, reserved 1048576K
}
Event: 2.452 GC heap before
{Heap before GC invocations=4 (full 1):
 PSYoungGen      total 76288K, used 65536K [0x000000076b180000, 0x0000000774680000, 0x00000007c0000000)
  eden space 65536K, 100% used [0x000000076b180000,0x000000076f180000,0x000000076f180000)
  from space 10752K, 0% used [0x000000076fc00000,0x000000076fc00000,0x0000000770680000)
  to   space 10752K, 0% used [0x000000076f180000,0x000000076f180000,0x000000076fc00000)
 ParOldGen       total 100864K, used 7445K [0x00000006c1400000, 0x00000006c7680000, 0x000000076b180000)
  object space 100864K, 7% used [0x00000006c1400000,0x00000006c1b45488,0x00000006c7680000)
 Metaspace       used 34054K, capacity 35378K, committed 35496K, reserved 1079296K
  class space    used 4786K, capacity 5002K, committed 5032K, reserved 1048576K
Event: 2.459 GC heap after
Heap after GC invocations=4 (full 1):
 PSYoungGen      total 76288K, used 10720K [0x000000076b180000, 0x0000000772680000, 0x00000007c0000000)
  eden space 65536K, 0% used [0x000000076b180000,0x000000076b180000,0x000000076f180000)
  from space 10752K, 99% used [0x000000076f180000,0x000000076fbf82f8,0x000000076fc00000)
  to   space 10752K, 0% used [0x0000000771c00000,0x0000000771c00000,0x0000000772680000)
 ParOldGen       total 100864K, used 7894K [0x00000006c1400000, 0x00000006c7680000, 0x000000076b180000)
  object space 100864K, 7% used [0x00000006c1400000,0x00000006c1bb5838,0x00000006c7680000)
 Metaspace       used 34054K, capacity 35378K, committed 35496K, reserved 1079296K
  class space    used 4786K, capacity 5002K, committed 5032K, reserved 1048576K
}
Event: 2.459 GC heap before
{Heap before GC invocations=5 (full 2):
 PSYoungGen      total 76288K, used 10720K [0x000000076b180000, 0x0000000772680000, 0x00000007c0000000)
  eden space 65536K, 0% used [0x000000076b180000,0x000000076b180000,0x000000076f180000)
  from space 10752K, 99% used [0x000000076f180000,0x000000076fbf82f8,0x000000076fc00000)
  to   space 10752K, 0% used [0x0000000771c00000,0x0000000771c00000,0x0000000772680000)
 ParOldGen       total 100864K, used 7894K [0x00000006c1400000, 0x00000006c7680000, 0x000000076b180000)
  object space 100864K, 7% used [0x00000006c1400000,0x00000006c1bb5838,0x00000006c7680000)
 Metaspace       used 34054K, capacity 35378K, committed 35496K, reserved 1079296K
  class space    used 4786K, capacity 5002K, committed 5032K, reserved 1048576K
Event: 2.529 GC heap after
Heap after GC invocations=5 (full 2):
 PSYoungGen      total 76288K, used 0K [0x000000076b180000, 0x0000000772680000, 0x00000007c0000000)
  eden space 65536K, 0% used [0x000000076b180000,0x000000076b180000,0x000000076f180000)
  from space 10752K, 0% used [0x000000076f180000,0x000000076f180000,0x000000076fc00000)
  to   space 10752K, 0% used [0x0000000771c00000,0x0000000771c00000,0x0000000772680000)
 ParOldGen       total 169472K, used 17735K [0x00000006c1400000, 0x00000006cb980000, 0x000000076b180000)
  object space 169472K, 10% used [0x00000006c1400000,0x00000006c2551fb0,0x00000006cb980000)
 Metaspace       used 34054K, capacity 35378K, committed 35496K, reserved 1079296K
  class space    used 4786K, capacity 5002K, committed 5032K, reserved 1048576K
}
Event: 8.839 GC heap before
{Heap before GC invocations=6 (full 2):
 PSYoungGen      total 76288K, used 65536K [0x000000076b180000, 0x0000000772680000, 0x00000007c0000000)
  eden space 65536K, 100% used [0x000000076b180000,0x000000076f180000,0x000000076f180000)
  from space 10752K, 0% used [0x000000076f180000,0x000000076f180000,0x000000076fc00000)
  to   space 10752K, 0% used [0x0000000771c00000,0x0000000771c00000,0x0000000772680000)
 ParOldGen       total 169472K, used 17735K [0x00000006c1400000, 0x00000006cb980000, 0x000000076b180000)
  object space 169472K, 10% used [0x00000006c1400000,0x00000006c2551fb0,0x00000006cb980000)
 Metaspace       used 37782K, capacity 39562K, committed 39848K, reserved 1083392K
  class space    used 5156K, capacity 5504K, committed 5544K, reserved 1048576K
Event: 8.847 GC heap after
Heap after GC invocations=6 (full 2):
 PSYoungGen      total 97280K, used 10751K [0x000000076b180000, 0x0000000772680000, 0x00000007c0000000)
  eden space 86528K, 0% used [0x000000076b180000,0x000000076b180000,0x0000000770600000)
  from space 10752K, 99% used [0x0000000771c00000,0x000000077267fc80,0x0000000772680000)
  to   space 10752K, 0% used [0x0000000771180000,0x0000000771180000,0x0000000771c00000)
 ParOldGen       total 169472K, used 23489K [0x00000006c1400000, 0x00000006cb980000, 0x000000076b180000)
  object space 169472K, 13% used [0x00000006c1400000,0x00000006c2af04e0,0x00000006cb980000)
 Metaspace       used 37782K, capacity 39562K, committed 39848K, reserved 1083392K
  class space    used 5156K, capacity 5504K, committed 5544K, reserved 1048576K
}

Deoptimization events (10 events):
Event: 7.973 Thread 0x000000001fc06800 Uncommon trap: reason=bimorphic action=maybe_recompile pc=0x0000000004071db4 method=java.util.WeakHashMap.eq(Ljava/lang/Object;Ljava/lang/Object;)Z @ 7
Event: 7.973 Thread 0x000000001fc06800 Uncommon trap: reason=bimorphic action=maybe_recompile pc=0x00000000041459c8 method=java.util.WeakHashMap.eq(Ljava/lang/Object;Ljava/lang/Object;)Z @ 7
Event: 8.891 Thread 0x000000001fc06800 Uncommon trap: reason=unstable_if action=reinterpret pc=0x0000000004138508 method=javafx.scene.CssStyleHelper.canReuseStyleHelper(Ljavafx/scene/Node;Lcom/sun/javafx/css/StyleMap;)Z @ 178
Event: 19.037 Thread 0x000000001fc06800 Uncommon trap: reason=class_check action=maybe_recompile pc=0x00000000044dcb2c method=com.sun.javafx.event.CompositeEventHandler.dispatchCapturingEvent(Ljavafx/event/Event;)V @ 12
Event: 19.054 Thread 0x000000001fc06800 Uncommon trap: reason=unstable_if action=reinterpret pc=0x00000000042b70e8 method=javafx.scene.Node.updateBounds()V @ 47
Event: 19.132 Thread 0x000000001fc06800 Uncommon trap: reason=class_check action=maybe_recompile pc=0x00000000044dcb2c method=com.sun.javafx.event.CompositeEventHandler.dispatchCapturingEvent(Ljavafx/event/Event;)V @ 12
Event: 19.580 Thread 0x000000001fc06800 Uncommon trap: reason=class_check action=maybe_recompile pc=0x00000000044dcb2c method=com.sun.javafx.event.CompositeEventHandler.dispatchCapturingEvent(Ljavafx/event/Event;)V @ 12
Event: 19.590 Thread 0x000000001fc06800 Uncommon trap: reason=unstable_if action=reinterpret pc=0x0000000004233b7c method=javafx.scene.CssStyleHelper.transitionToState(Ljavafx/scene/Node;)V @ 513
Event: 19.652 Thread 0x000000001fc06800 Uncommon trap: reason=class_check action=maybe_recompile pc=0x00000000044dcb2c method=com.sun.javafx.event.CompositeEventHandler.dispatchCapturingEvent(Ljavafx/event/Event;)V @ 12
Event: 20.396 Thread 0x000000001fc06800 Uncommon trap: reason=unstable_if action=reinterpret pc=0x000000000435a014 method=javafx.scene.Node.impl_intersectsBounds(Lcom/sun/javafx/geom/PickRay;)D @ 902

Classes redefined (0 events):
No events

Internal exceptions (10 events):
Event: 1.637 Thread 0x000000001fc06800 Implicit null exception at 0x000000000365fc96 to 0x0000000003660041
Event: 2.051 Thread 0x000000001fc06800 Implicit null exception at 0x0000000003a9f1c4 to 0x0000000003a9f2b9
Event: 2.297 Thread 0x000000001fc06800 Implicit null exception at 0x000000000371aef5 to 0x000000000371b125
Event: 2.602 Thread 0x000000001fc06800 Implicit null exception at 0x0000000003cc371b to 0x0000000003cc3e05
Event: 2.708 Thread 0x000000001fc30800 Implicit null exception at 0x0000000003a5344f to 0x0000000003a53525
Event: 6.090 Thread 0x000000001fc06800 Exception <a 'java/io/FileNotFoundException'> (0x000000076d27e468) thrown at [C:\re\workspace\8-2-build-windows-amd64-cygwin\jdk8u231\13620\hotspot\src\share\vm\prims\jni.cpp, line 710]
Event: 6.090 Thread 0x000000001fc06800 Exception <a 'java/io/FileNotFoundException'> (0x000000076d27fb40) thrown at [C:\re\workspace\8-2-build-windows-amd64-cygwin\jdk8u231\13620\hotspot\src\share\vm\prims\jni.cpp, line 710]
Event: 6.091 Thread 0x000000001fc06800 Exception <a 'java/io/FileNotFoundException'> (0x000000076d285a88) thrown at [C:\re\workspace\8-2-build-windows-amd64-cygwin\jdk8u231\13620\hotspot\src\share\vm\prims\jni.cpp, line 710]
Event: 6.091 Thread 0x000000001fc06800 Exception <a 'java/io/FileNotFoundException'> (0x000000076d2870d0) thrown at [C:\re\workspace\8-2-build-windows-amd64-cygwin\jdk8u231\13620\hotspot\src\share\vm\prims\jni.cpp, line 710]
Event: 6.340 Thread 0x000000001fc30800 Implicit null exception at 0x0000000004081399 to 0x0000000004084e9d

Events (10 events):
Event: 31.388 Thread 0x000000001ecd1000 flushing nmethod 0x00000000038223d0
Event: 31.388 Thread 0x000000001ecd1000 flushing nmethod 0x0000000003828f10
Event: 31.388 Thread 0x000000001ecd1000 flushing nmethod 0x0000000003845250
Event: 31.388 Thread 0x000000001ecd1000 flushing nmethod 0x0000000003874d10
Event: 31.388 Thread 0x000000001ecd1000 flushing nmethod 0x0000000003875e10
Event: 31.388 Thread 0x000000001ecd1000 flushing nmethod 0x00000000038c4e90
Event: 31.388 Thread 0x000000001ecd1000 flushing nmethod 0x00000000038dcd90
Event: 38.151 Thread 0x000000001ecd1000 flushing nmethod 0x00000000038f3250
Event: 38.151 Thread 0x000000001ecd1000 flushing nmethod 0x0000000003934690
Event: 38.151 Thread 0x000000001ecd1000 flushing nmethod 0x00000000039d2350


Dynamic libraries:
0x00007ff7e0200000 - 0x00007ff7e0237000 	C:\Program Files\Java\jdk1.8.0_231\jre\bin\java.exe
0x00007ffba3e60000 - 0x00007ffba4050000 	C:\Windows\SYSTEM32\ntdll.dll
0x00007ffba3700000 - 0x00007ffba37b2000 	C:\Windows\System32\KERNEL32.DLL
0x00007ffba0df0000 - 0x00007ffba1093000 	C:\Windows\System32\KERNELBASE.dll
0x00007ffba35d0000 - 0x00007ffba3673000 	C:\Windows\System32\ADVAPI32.dll
0x00007ffba1f20000 - 0x00007ffba1fbe000 	C:\Windows\System32\msvcrt.dll
0x00007ffba24c0000 - 0x00007ffba2557000 	C:\Windows\System32\sechost.dll
0x00007ffba37f0000 - 0x00007ffba3910000 	C:\Windows\System32\RPCRT4.dll
0x00007ffba2770000 - 0x00007ffba2904000 	C:\Windows\System32\USER32.dll
0x00007ffba10a0000 - 0x00007ffba10c1000 	C:\Windows\System32\win32u.dll
0x00007ffba37c0000 - 0x00007ffba37e6000 	C:\Windows\System32\GDI32.dll
0x00007ffba1b90000 - 0x00007ffba1d24000 	C:\Windows\System32\gdi32full.dll
0x00007ffba1200000 - 0x00007ffba129e000 	C:\Windows\System32\msvcp_win.dll
0x00007ffba10d0000 - 0x00007ffba11ca000 	C:\Windows\System32\ucrtbase.dll
0x00007ffb834c0000 - 0x00007ffb83745000 	C:\Windows\WinSxS\amd64_microsoft.windows.common-controls_6595b64144ccf1df_6.0.18362.476_none_e6c4b11b130f2595\COMCTL32.dll
0x00007ffba1fd0000 - 0x00007ffba2306000 	C:\Windows\System32\combase.dll
0x00007ffba1d30000 - 0x00007ffba1db0000 	C:\Windows\System32\bcryptPrimitives.dll
0x00007ffba23e0000 - 0x00007ffba240e000 	C:\Windows\System32\IMM32.DLL
0x00000000762c0000 - 0x0000000076392000 	C:\Program Files\Java\jdk1.8.0_231\jre\bin\msvcr100.dll
0x00000000763a0000 - 0x0000000076c46000 	C:\Program Files\Java\jdk1.8.0_231\jre\bin\server\jvm.dll
0x00007ffba1fc0000 - 0x00007ffba1fc8000 	C:\Windows\System32\PSAPI.DLL
0x00007ffb9bf00000 - 0x00007ffb9bf09000 	C:\Windows\SYSTEM32\WSOCK32.dll
0x00007ffb9c0e0000 - 0x00007ffb9c0ea000 	C:\Windows\SYSTEM32\VERSION.dll
0x00007ffb979c0000 - 0x00007ffb979e4000 	C:\Windows\SYSTEM32\WINMM.dll
0x00007ffba3ac0000 - 0x00007ffba3b2f000 	C:\Windows\System32\WS2_32.dll
0x00007ffb97990000 - 0x00007ffb979bd000 	C:\Windows\SYSTEM32\WINMMBASE.dll
0x00007ffba1e60000 - 0x00007ffba1eaa000 	C:\Windows\System32\cfgmgr32.dll
0x00007ffb9bed0000 - 0x00007ffb9bedf000 	C:\Program Files\Java\jdk1.8.0_231\jre\bin\verify.dll
0x00007ffb903b0000 - 0x00007ffb903d9000 	C:\Program Files\Java\jdk1.8.0_231\jre\bin\java.dll
0x00007ffb9b0e0000 - 0x00007ffb9b0f6000 	C:\Program Files\Java\jdk1.8.0_231\jre\bin\zip.dll
0x00007ffba2e10000 - 0x00007ffba34f5000 	C:\Windows\System32\SHELL32.dll
0x00007ffba2580000 - 0x00007ffba2629000 	C:\Windows\System32\shcore.dll
0x00007ffba1410000 - 0x00007ffba1b8e000 	C:\Windows\System32\windows.storage.dll
0x00007ffba0d80000 - 0x00007ffba0d9f000 	C:\Windows\System32\profapi.dll
0x00007ffba0da0000 - 0x00007ffba0dea000 	C:\Windows\System32\powrprof.dll
0x00007ffba0d30000 - 0x00007ffba0d40000 	C:\Windows\System32\UMPDC.dll
0x00007ffba3d60000 - 0x00007ffba3db2000 	C:\Windows\System32\shlwapi.dll
0x00007ffba0d40000 - 0x00007ffba0d51000 	C:\Windows\System32\kernel.appcore.dll
0x00007ffba12a0000 - 0x00007ffba12b7000 	C:\Windows\System32\cryptsp.dll
0x0000000003090000 - 0x0000000003093000 	C:\Program Files\Java\jdk1.8.0_231\jre\bin\api-ms-win-core-console-l1-1-0.dll
0x00000000030a0000 - 0x00000000030a3000 	C:\Program Files\Java\jdk1.8.0_231\jre\bin\api-ms-win-core-datetime-l1-1-0.dll
0x00000000030b0000 - 0x00000000030b3000 	C:\Program Files\Java\jdk1.8.0_231\jre\bin\api-ms-win-core-debug-l1-1-0.dll
0x00000000032d0000 - 0x00000000032d3000 	C:\Program Files\Java\jdk1.8.0_231\jre\bin\api-ms-win-core-errorhandling-l1-1-0.dll
0x00000000032e0000 - 0x00000000032e4000 	C:\Program Files\Java\jdk1.8.0_231\jre\bin\api-ms-win-core-file-l1-1-0.dll
0x00000000032f0000 - 0x00000000032f3000 	C:\Program Files\Java\jdk1.8.0_231\jre\bin\api-ms-win-core-file-l1-2-0.dll
0x0000000003300000 - 0x0000000003303000 	C:\Program Files\Java\jdk1.8.0_231\jre\bin\api-ms-win-core-file-l2-1-0.dll
0x0000000003310000 - 0x0000000003313000 	C:\Program Files\Java\jdk1.8.0_231\jre\bin\api-ms-win-core-handle-l1-1-0.dll
0x0000000003320000 - 0x0000000003323000 	C:\Program Files\Java\jdk1.8.0_231\jre\bin\api-ms-win-core-heap-l1-1-0.dll
0x0000000003330000 - 0x0000000003333000 	C:\Program Files\Java\jdk1.8.0_231\jre\bin\api-ms-win-core-interlocked-l1-1-0.dll
0x0000000020390000 - 0x0000000020393000 	C:\Program Files\Java\jdk1.8.0_231\jre\bin\api-ms-win-core-libraryloader-l1-1-0.dll
0x00000000203a0000 - 0x00000000203a3000 	C:\Program Files\Java\jdk1.8.0_231\jre\bin\api-ms-win-core-localization-l1-2-0.dll
0x00000000203b0000 - 0x00000000203b3000 	C:\Program Files\Java\jdk1.8.0_231\jre\bin\api-ms-win-core-memory-l1-1-0.dll
0x00000000203c0000 - 0x00000000203c3000 	C:\Program Files\Java\jdk1.8.0_231\jre\bin\api-ms-win-core-namedpipe-l1-1-0.dll
0x00000000203d0000 - 0x00000000203d3000 	C:\Program Files\Java\jdk1.8.0_231\jre\bin\api-ms-win-core-processenvironment-l1-1-0.dll
0x00000000203e0000 - 0x00000000203e3000 	C:\Program Files\Java\jdk1.8.0_231\jre\bin\api-ms-win-core-processthreads-l1-1-0.dll
0x00000000203f0000 - 0x00000000203f3000 	C:\Program Files\Java\jdk1.8.0_231\jre\bin\api-ms-win-core-processthreads-l1-1-1.dll
0x0000000020400000 - 0x0000000020403000 	C:\Program Files\Java\jdk1.8.0_231\jre\bin\api-ms-win-core-profile-l1-1-0.dll
0x0000000020410000 - 0x0000000020413000 	C:\Program Files\Java\jdk1.8.0_231\jre\bin\api-ms-win-core-rtlsupport-l1-1-0.dll
0x0000000020420000 - 0x0000000020423000 	C:\Program Files\Java\jdk1.8.0_231\jre\bin\api-ms-win-core-string-l1-1-0.dll
0x0000000020430000 - 0x0000000020433000 	C:\Program Files\Java\jdk1.8.0_231\jre\bin\api-ms-win-core-synch-l1-1-0.dll
0x0000000020440000 - 0x0000000020443000 	C:\Program Files\Java\jdk1.8.0_231\jre\bin\api-ms-win-core-synch-l1-2-0.dll
0x0000000020450000 - 0x0000000020453000 	C:\Program Files\Java\jdk1.8.0_231\jre\bin\api-ms-win-core-sysinfo-l1-1-0.dll
0x0000000020460000 - 0x0000000020463000 	C:\Program Files\Java\jdk1.8.0_231\jre\bin\api-ms-win-core-timezone-l1-1-0.dll
0x0000000020470000 - 0x0000000020473000 	C:\Program Files\Java\jdk1.8.0_231\jre\bin\api-ms-win-core-util-l1-1-0.dll
0x0000000020480000 - 0x0000000020483000 	C:\Program Files\Java\jdk1.8.0_231\jre\bin\api-ms-win-crt-conio-l1-1-0.dll
0x0000000020490000 - 0x0000000020494000 	C:\Program Files\Java\jdk1.8.0_231\jre\bin\api-ms-win-crt-convert-l1-1-0.dll
0x00000000204a0000 - 0x00000000204a3000 	C:\Program Files\Java\jdk1.8.0_231\jre\bin\api-ms-win-crt-environment-l1-1-0.dll
0x00000000204b0000 - 0x00000000204b3000 	C:\Program Files\Java\jdk1.8.0_231\jre\bin\api-ms-win-crt-filesystem-l1-1-0.dll
0x00000000204c0000 - 0x00000000204c3000 	C:\Program Files\Java\jdk1.8.0_231\jre\bin\api-ms-win-crt-heap-l1-1-0.dll
0x00000000204d0000 - 0x00000000204d3000 	C:\Program Files\Java\jdk1.8.0_231\jre\bin\api-ms-win-crt-locale-l1-1-0.dll
0x00000000204e0000 - 0x00000000204e5000 	C:\Program Files\Java\jdk1.8.0_231\jre\bin\api-ms-win-crt-math-l1-1-0.dll
0x00000000204f0000 - 0x00000000204f5000 	C:\Program Files\Java\jdk1.8.0_231\jre\bin\api-ms-win-crt-multibyte-l1-1-0.dll
0x0000000020500000 - 0x0000000020510000 	C:\Program Files\Java\jdk1.8.0_231\jre\bin\api-ms-win-crt-private-l1-1-0.dll
0x0000000020510000 - 0x0000000020513000 	C:\Program Files\Java\jdk1.8.0_231\jre\bin\api-ms-win-crt-process-l1-1-0.dll
0x0000000020520000 - 0x0000000020524000 	C:\Program Files\Java\jdk1.8.0_231\jre\bin\api-ms-win-crt-runtime-l1-1-0.dll
0x0000000020530000 - 0x0000000020534000 	C:\Program Files\Java\jdk1.8.0_231\jre\bin\api-ms-win-crt-stdio-l1-1-0.dll
0x0000000020540000 - 0x0000000020544000 	C:\Program Files\Java\jdk1.8.0_231\jre\bin\api-ms-win-crt-string-l1-1-0.dll
0x0000000020550000 - 0x0000000020553000 	C:\Program Files\Java\jdk1.8.0_231\jre\bin\api-ms-win-crt-time-l1-1-0.dll
0x0000000020560000 - 0x0000000020563000 	C:\Program Files\Java\jdk1.8.0_231\jre\bin\api-ms-win-crt-utility-l1-1-0.dll
0x00007ffb6c7c0000 - 0x00007ffb6c8bc000 	C:\Program Files\Java\jdk1.8.0_231\jre\bin\ucrtbase.dll
0x00007ffb93740000 - 0x00007ffb93755000 	C:\Program Files\Java\jdk1.8.0_231\jre\bin\vcruntime140.dll
0x00007ffb6cb90000 - 0x00007ffb6cc2b000 	C:\Program Files\Java\jdk1.8.0_231\jre\bin\msvcp140.dll
0x00007ffb83f80000 - 0x00007ffb83fd1000 	C:\Program Files\Java\jdk1.8.0_231\jre\bin\concrt140.dll
0x00007ffb93670000 - 0x00007ffb93693000 	C:\Program Files\Java\jdk1.8.0_231\jre\bin\prism_d3d.dll
0x00007ffb99d90000 - 0x00007ffb99f57000 	C:\Windows\system32\d3d9.dll
0x00007ffb9f410000 - 0x00007ffb9f43d000 	C:\Windows\SYSTEM32\dwmapi.dll
0x00007ffb9f9a0000 - 0x00007ffb9f9c0000 	C:\Windows\SYSTEM32\dxcore.dll
0x00007ffb9eff0000 - 0x00007ffb9f089000 	C:\Windows\system32\uxtheme.dll
0x00007ffb66970000 - 0x00007ffb6a595000 	C:\Windows\System32\DriverStore\FileRepository\igdlh64.inf_amd64_d44295a98a21a376\igdumdim64.dll
0x00007ffba3500000 - 0x00007ffba35c4000 	C:\Windows\System32\OLEAUT32.dll
0x00007ffba3c00000 - 0x00007ffba3d56000 	C:\Windows\System32\ole32.dll
0x00007ffba2920000 - 0x00007ffba2d90000 	C:\Windows\System32\SETUPAPI.dll
0x00007ffba11d0000 - 0x00007ffba11f6000 	C:\Windows\System32\bcrypt.dll
0x00007ffb8c7a0000 - 0x00007ffb8c7e5000 	C:\Program Files\Java\jdk1.8.0_231\jre\bin\glass.dll
0x00007ffba2310000 - 0x00007ffba23e0000 	C:\Windows\System32\COMDLG32.dll
0x00007ffba2630000 - 0x00007ffba2766000 	C:\Windows\System32\MSCTF.dll
0x00007ffb8a430000 - 0x00007ffb8ba2e000 	C:\Windows\System32\DriverStore\FileRepository\igdlh64.inf_amd64_d44295a98a21a376\igc64.dll
0x00007ffb93650000 - 0x00007ffb93664000 	C:\Program Files\Java\jdk1.8.0_231\jre\bin\javafx_font.dll
0x00007ffb8fdb0000 - 0x00007ffb8fdca000 	C:\Program Files\Java\jdk1.8.0_231\jre\bin\net.dll
0x00007ffba05a0000 - 0x00007ffba0607000 	C:\Windows\system32\mswsock.dll
0x00007ffba02f0000 - 0x00007ffba03ba000 	C:\Windows\SYSTEM32\DNSAPI.dll
0x00007ffba2910000 - 0x00007ffba2918000 	C:\Windows\System32\NSI.dll
0x00007ffba02b0000 - 0x00007ffba02ea000 	C:\Windows\SYSTEM32\IPHLPAPI.DLL
0x00007ffb98950000 - 0x00007ffb9895a000 	C:\Windows\System32\rasadhlp.dll
0x00007ffb9b300000 - 0x00007ffb9b377000 	C:\Windows\System32\fwpuclnt.dll
0x00007ffb8fc90000 - 0x00007ffb8fcb4000 	C:\Program Files\Java\jdk1.8.0_231\jre\bin\sunec.dll
0x00007ffb9b980000 - 0x00007ffb9b996000 	C:\Windows\SYSTEM32\dhcpcsvc6.DLL
0x00007ffb9bce0000 - 0x00007ffb9bcfc000 	C:\Windows\SYSTEM32\dhcpcsvc.DLL
0x00007ffb841a0000 - 0x00007ffb841b2000 	C:\Program Files\Java\jdk1.8.0_231\jre\bin\nio.dll
0x00007ffba0110000 - 0x00007ffba0143000 	C:\Windows\system32\rsaenh.dll
0x00007ffba0c50000 - 0x00007ffba0c75000 	C:\Windows\SYSTEM32\USERENV.dll
0x00007ffba0770000 - 0x00007ffba077c000 	C:\Windows\SYSTEM32\CRYPTBASE.dll
0x00007ffb9b0d0000 - 0x00007ffb9b0db000 	C:\Program Files\Java\jdk1.8.0_231\jre\bin\sunmscapi.dll
0x00007ffba12c0000 - 0x00007ffba1409000 	C:\Windows\System32\CRYPT32.dll
0x00007ffba0d60000 - 0x00007ffba0d72000 	C:\Windows\System32\MSASN1.dll
0x00007ffb8c420000 - 0x00007ffb8c71e000 	C:\Windows\SYSTEM32\dwrite.dll
0x00007ffba2410000 - 0x00007ffba24b2000 	C:\Windows\System32\clbcatq.dll
0x00007ffb9ed50000 - 0x00007ffb9eeff000 	C:\Windows\SYSTEM32\WindowsCodecs.dll
0x00007ffb77e70000 - 0x00007ffb77eaa000 	C:\Windows\system32\dataexchange.dll
0x00007ffb9c910000 - 0x00007ffb9cb6b000 	C:\Windows\system32\d3d11.dll
0x00007ffb9cfd0000 - 0x00007ffb9d1ab000 	C:\Windows\system32\dcomp.dll
0x00007ffb9fa30000 - 0x00007ffb9fb1b000 	C:\Windows\system32\dxgi.dll
0x00007ffb9f0c0000 - 0x00007ffb9f31a000 	C:\Windows\system32\twinapi.appcore.dll
0x00007ffb9f520000 - 0x00007ffb9f549000 	C:\Windows\system32\RMCLIENT.dll
0x00007ffb90710000 - 0x00007ffb90743000 	C:\Program Files\Common Files\Microsoft Shared\Ink\rtscom.dll
0x00007ffb8f650000 - 0x00007ffb8f6ee000 	C:\Windows\System32\TextInputFramework.dll
0x00007ffb8eff0000 - 0x00007ffb8f31a000 	C:\Windows\System32\CoreUIComponents.dll
0x00007ffb9d300000 - 0x00007ffb9d3d4000 	C:\Windows\System32\CoreMessaging.dll

VM Arguments:
jvm_args: -Dfile.encoding=UTF-8 
java_command: C:\Users\ADMIN\Desktop\BTLON_JAVA\QLDatTiecCuoi\QuanLyTiecCuoi1\dist\run706230974\QuanLyTiecCuoi.jar
java_class_path (initial): C:\Users\ADMIN\Desktop\BTLON_JAVA\QLDatTiecCuoi\QuanLyTiecCuoi1\dist\run706230974\QuanLyTiecCuoi.jar
Launcher Type: SUN_STANDARD

Environment Variables:
PATH=C:\Program Files (x86)\Common Files\Oracle\Java\javapath;C:\Windows\system32;C:\Windows;C:\Windows\System32\Wbem;C:\Windows\System32\WindowsPowerShell\v1.0\;C:\Windows\System32\OpenSSH\;C:\Program Files\Git\cmd;C:\Program Files (x86)\Windows Live\Shared;C:\Users\ADMIN\AppData\Local\Microsoft\WindowsApps;
USERNAME=ADMIN
OS=Windows_NT
PROCESSOR_IDENTIFIER=Intel64 Family 6 Model 158 Stepping 9, GenuineIntel



---------------  S Y S T E M  ---------------

OS: Windows 10.0 , 64 bit Build 18362 (10.0.18362.329)

CPU:total 8 (initial active 8) (4 cores per cpu, 2 threads per core) family 6 model 158 stepping 9, cmov, cx8, fxsr, mmx, sse, sse2, sse3, ssse3, sse4.1, sse4.2, popcnt, avx, avx2, aes, clmul, erms, 3dnowpref, lzcnt, ht, tsc, tscinvbit, bmi1, bmi2, adx

Memory: 4k page, physical 16691480k(6387152k free), swap 47868308k(0k free)

vm_info: Java HotSpot(TM) 64-Bit Server VM (25.231-b11) for windows-amd64 JRE (1.8.0_231-b11), built on Oct  5 2019 03:11:30 by "java_re" with MS VC++ 10.0 (VS2010)

time: Fri Dec 06 13:50:09 2019
timezone: SE Asia Standard Time
elapsed time: 58 seconds (0d 0h 0m 58s)

